Arguments: 
  /usr/bin/node /usr/bin/yarn

PATH: 
  /usr/local/sbin:/usr/local/bin:/usr/sbin:/usr/bin:/sbin:/bin:/usr/games:/usr/local/games:/snap/bin

Yarn version: 
  1.7.0

Node version: 
  10.4.0

Platform: 
  linux x64

Trace: 
  SyntaxError: /home/joshd/sandbox/data-sources/rest/package.json: Unexpected end of JSON input
      at JSON.parse (<anonymous>)
      at /usr/lib/node_modules/yarn/lib/cli.js:1130:59
      at Generator.next (<anonymous>)
      at step (/usr/lib/node_modules/yarn/lib/cli.js:98:30)
      at /usr/lib/node_modules/yarn/lib/cli.js:109:13

npm manifest: 
  

yarn manifest: 
  No manifest

Lockfile: 
  No lockfile
